<?xml version="1.0" encoding="UTF-8"?>
<!-- Generated by org.testng.reporters.JUnitReportReporter -->
<testsuite hostname="Gopi.local" failures="0" tests="5" name="com.qa.linkedin.testcase.SearchDataDrivenTest" time="46.484" errors="0" timestamp="2022-05-19T12:11:55 AEST" skipped="0">
  <testcase classname="com.qa.linkedin.testcase.SearchDataDrivenTest" name="doSearchTest" time="5.107"/>
  <system-out/>
  <testcase classname="com.qa.linkedin.testcase.SearchDataDrivenTest" name="doSearchTest" time="4.304"/>
  <system-out/>
  <testcase classname="com.qa.linkedin.testcase.SearchDataDrivenTest" name="doSearchTest" time="3.344"/>
  <system-out/>
  <testcase classname="com.qa.linkedin.testcase.SearchDataDrivenTest" name="doSearchTest" time="3.971"/>
  <system-out/>
  <testcase classname="com.qa.linkedin.testcase.SearchDataDrivenTest" name="doLoginTest" time="29.758"/>
  <system-out/>
</testsuite> <!-- com.qa.linkedin.testcase.SearchDataDrivenTest -->
